[2024-03-15 17:05:05][INFO][main.Main]success load log file
[2024-03-15 17:05:05][INFO][mone.common.conf.ConfigManager]load config complete!!
[2024-03-15 17:05:05][INFO][main.Main]process run!
[2024-03-15 17:05:05][INFO][main.Main]pid@hostname:67844@waternetdb1
[2024-03-15 17:05:05][DEBUG][log4jdbc.debug]log4jdbc-logj2 properties initialization...
[2024-03-15 17:05:05][DEBUG][log4jdbc.debug]Using logger: null
[2024-03-15 17:05:05][DEBUG][log4jdbc.debug]x log4jdbc.debug.stack.prefix is not defined
[2024-03-15 17:05:05][DEBUG][log4jdbc.debug]x log4jdbc.sqltiming.warn.threshold is not defined
[2024-03-15 17:05:05][DEBUG][log4jdbc.debug]x log4jdbc.sqltiming.error.threshold is not defined
[2024-03-15 17:05:05][DEBUG][log4jdbc.debug]x log4jdbc.dump.booleanastruefalse is not defined (using default value false)
[2024-03-15 17:05:05][DEBUG][log4jdbc.debug]x log4jdbc.dump.sql.maxlinelength is not defined (using default of 90)
[2024-03-15 17:05:05][DEBUG][log4jdbc.debug]x log4jdbc.dump.fulldebugstacktrace is not defined (using default value false)
[2024-03-15 17:05:05][DEBUG][log4jdbc.debug]x log4jdbc.statement.warn is not defined (using default value false)
[2024-03-15 17:05:05][DEBUG][log4jdbc.debug]x log4jdbc.dump.sql.select is not defined (using default value true)
[2024-03-15 17:05:05][DEBUG][log4jdbc.debug]x log4jdbc.dump.sql.insert is not defined (using default value true)
[2024-03-15 17:05:05][DEBUG][log4jdbc.debug]x log4jdbc.dump.sql.update is not defined (using default value true)
[2024-03-15 17:05:05][DEBUG][log4jdbc.debug]x log4jdbc.dump.sql.delete is not defined (using default value true)
[2024-03-15 17:05:05][DEBUG][log4jdbc.debug]x log4jdbc.dump.sql.create is not defined (using default value true)
[2024-03-15 17:05:05][DEBUG][log4jdbc.debug]x log4jdbc.dump.sql.addsemicolon is not defined (using default value false)
[2024-03-15 17:05:05][DEBUG][log4jdbc.debug]x log4jdbc.auto.load.popular.drivers is not defined (using default value true)
[2024-03-15 17:05:05][DEBUG][log4jdbc.debug]x log4jdbc.drivers is not defined
[2024-03-15 17:05:05][DEBUG][log4jdbc.debug]x log4jdbc.trim.sql is not defined (using default value true)
[2024-03-15 17:05:05][DEBUG][log4jdbc.debug]x log4jdbc.trim.sql.extrablanklines is not defined (using default value true)
[2024-03-15 17:05:05][DEBUG][log4jdbc.debug]x log4jdbc.suppress.generated.keys.exception is not defined (using default value false)
[2024-03-15 17:05:05][DEBUG][log4jdbc.debug]log4jdbc-logj2 properties initialization done.
[2024-03-15 17:05:05][DEBUG][log4jdbc.debug]DriverSpy intialization...
[2024-03-15 17:05:05][DEBUG][log4jdbc.debug]WARNING!  log4jdbc couldn't find any underlying jdbc drivers.
[2024-03-15 17:05:05][DEBUG][log4jdbc.debug]DriverSpy intialization done.
[2024-03-15 17:05:05][INFO][mone.db.conn.DbManager]success initialize (TiberoSudoDB) : config/mybatis-tiberoSudo-config.xml
[2024-03-15 17:05:06][INFO][mone.db.conn.DbManager]success initialize (TiberoDB) : config/mybatis-tibero-config.xml
[2024-03-15 17:05:06][INFO][mone.db.conn.TiberoReconnectThread]Exception tiberoDbConnVal 1st
[2024-03-15 17:05:06][INFO][mone.db.conn.TiberoReconnectThread](OK)db connected  ::: TiberoDB 
[2024-03-15 17:05:06][WARN][mone.db.dao.PrcsDAO]TiberoSudo [tiberoSudo] db conn NG..
[2024-03-15 17:05:06][INFO][mone.schedule.scheduler.ScheduleManager][스케쥴링ON/OFF]  DB 수집 on 
[2024-03-15 17:05:06][DEBUG][mone.db.conn.TiberoSudoReconnectThread](OK)db connected  ::: TberoSudoDB 
[2024-03-15 17:05:06][INFO][mone.schedule.scheduler.ScheduleManager]start schedule!
[2024-03-15 17:05:06][INFO][mone.schedule.scheduler.ScheduleManager][스케쥴링ON/OFF] 안심확인제 API 연계 :on
[2024-03-15 17:05:06][INFO][mone.schedule.scheduler.ScheduleManager] ::::::::::::::::  ansim API Start ::::::: 
[2024-03-15 17:05:06][INFO][mone.schedule.scheduler.ScheduleManager]start schedule!
[2024-03-15 17:06:00][DEBUG][mone.db.dao.PrcsDAO] ::::::::::::: 수돗물안심확인제결과조회 chk api Start ::::::::::::: 
[2024-03-15 17:06:00][DEBUG][mone.db.dao.PrcsDAO] 수돗물안심확인제결과조회 fromDt : 20240229 | toDt : 20240315 
[2024-03-15 17:06:05][DEBUG][mone.db.conn.TiberoSudoReconnectThread](OK)db connected  ::: TberoSudoDB 
[2024-03-15 17:06:06][INFO][mone.db.conn.TiberoReconnectThread](OK)db connected  ::: TiberoDB 
[2024-03-15 17:06:11][INFO][mone.db.dao.PrcsDAO]안심확인제 : 1014 건 처리완료
[2024-03-15 17:06:11][DEBUG][mone.db.dao.PrcsDAO] ::::::::::::: 옥내배관진단세척결과조회 chk api Start ::::::::::::: 
[2024-03-15 17:06:11][DEBUG][mone.db.dao.PrcsDAO] 옥내배관진단세척결과조회 fromDt : 20231220 | toDt : 20240315 
[2024-03-15 17:06:12][INFO][mone.db.dao.PrcsDAO]안심확인제 : 8 건 처리완료
[2024-03-15 17:07:00][DEBUG][mone.db.dao.PrcsDAO] ::::::::::::: 수돗물안심확인제결과조회 chk api Start ::::::::::::: 
[2024-03-15 17:07:00][DEBUG][mone.db.dao.PrcsDAO] 수돗물안심확인제결과조회 fromDt : 20240315 | toDt : 20240315 
[2024-03-15 17:07:01][INFO][mone.db.dao.PrcsDAO]안심확인제 : 30 건 처리완료
[2024-03-15 17:07:01][DEBUG][mone.db.dao.PrcsDAO] ::::::::::::: 옥내배관진단세척결과조회 chk api Start ::::::::::::: 
[2024-03-15 17:07:01][DEBUG][mone.db.dao.PrcsDAO] 옥내배관진단세척결과조회 fromDt : 20231220 | toDt : 20240315 
[2024-03-15 17:07:01][INFO][mone.db.dao.PrcsDAO]안심확인제 : 8 건 처리완료
[2024-03-15 17:07:05][DEBUG][mone.db.conn.TiberoSudoReconnectThread](OK)db connected  ::: TberoSudoDB 
[2024-03-15 17:07:06][INFO][mone.db.conn.TiberoReconnectThread](OK)db connected  ::: TiberoDB 
[2024-03-15 17:08:00][DEBUG][mone.db.dao.PrcsDAO] ::::::::::::: 수돗물안심확인제결과조회 chk api Start ::::::::::::: 
[2024-03-15 17:08:00][DEBUG][mone.db.dao.PrcsDAO] 수돗물안심확인제결과조회 fromDt : 20240315 | toDt : 20240315 
[2024-03-15 17:08:00][INFO][mone.db.dao.PrcsDAO]안심확인제 : 30 건 처리완료
[2024-03-15 17:08:00][DEBUG][mone.db.dao.PrcsDAO] ::::::::::::: 옥내배관진단세척결과조회 chk api Start ::::::::::::: 
[2024-03-15 17:08:00][DEBUG][mone.db.dao.PrcsDAO] 옥내배관진단세척결과조회 fromDt : 20231220 | toDt : 20240315 
[2024-03-15 17:08:01][INFO][mone.db.dao.PrcsDAO]안심확인제 : 8 건 처리완료
[2024-03-15 17:08:05][DEBUG][mone.db.conn.TiberoSudoReconnectThread](OK)db connected  ::: TberoSudoDB 
[2024-03-15 17:08:06][INFO][mone.db.conn.TiberoReconnectThread](OK)db connected  ::: TiberoDB 
[2024-03-15 17:09:00][DEBUG][mone.db.dao.PrcsDAO] ::::::::::::: 수돗물안심확인제결과조회 chk api Start ::::::::::::: 
[2024-03-15 17:09:00][DEBUG][mone.db.dao.PrcsDAO] 수돗물안심확인제결과조회 fromDt : 20240315 | toDt : 20240315 
[2024-03-15 17:09:01][INFO][mone.db.dao.PrcsDAO]안심확인제 : 30 건 처리완료
[2024-03-15 17:09:01][DEBUG][mone.db.dao.PrcsDAO] ::::::::::::: 옥내배관진단세척결과조회 chk api Start ::::::::::::: 
[2024-03-15 17:09:01][DEBUG][mone.db.dao.PrcsDAO] 옥내배관진단세척결과조회 fromDt : 20231220 | toDt : 20240315 
[2024-03-15 17:09:02][INFO][mone.db.dao.PrcsDAO]안심확인제 : 8 건 처리완료
[2024-03-15 17:09:05][DEBUG][mone.db.conn.TiberoSudoReconnectThread](OK)db connected  ::: TberoSudoDB 
[2024-03-15 17:09:06][INFO][mone.db.conn.TiberoReconnectThread](OK)db connected  ::: TiberoDB 
[2024-03-15 17:10:00][INFO][mone.schedule.job.CollectData]{SelectFromDt=20240101, chkTablenm=vw_qw_emphs_manage_area, SelectEndDt=null}
[2024-03-15 17:10:00][INFO][mone.schedule.job.CollectData]:::::::::::: 중점관리지역 DB 조회 시작일 2024-02-29
[2024-03-15 17:10:00][INFO][mone.schedule.job.CollectData]{SelectFromDt=20240101, chkTablenm=vw_qw_emphs_manage_area, SelectEndDt=null}
[2024-03-15 17:10:00][DEBUG][mone.db.dao.PrcsDAO] ::::::::::::: 수돗물안심확인제결과조회 chk api Start ::::::::::::: 
[2024-03-15 17:10:00][DEBUG][mone.db.dao.PrcsDAO] 수돗물안심확인제결과조회 fromDt : 20240315 | toDt : 20240315 
[2024-03-15 17:10:01][INFO][mone.db.dao.PrcsDAO]안심확인제 : 30 건 처리완료
[2024-03-15 17:10:01][DEBUG][mone.db.dao.PrcsDAO] ::::::::::::: 옥내배관진단세척결과조회 chk api Start ::::::::::::: 
[2024-03-15 17:10:01][DEBUG][mone.db.dao.PrcsDAO] 옥내배관진단세척결과조회 fromDt : 20231220 | toDt : 20240315 
[2024-03-15 17:10:01][INFO][mone.db.dao.PrcsDAO]안심확인제 : 8 건 처리완료
[2024-03-15 17:10:03][INFO][mone.schedule.job.CollectData]{SelectFromDt=20240101, chkTablenm=vw_qw_wqmsm, SelectEndDt=null}
[2024-03-15 17:10:03][INFO][mone.schedule.job.CollectData]:::::::::::: 중점관리지역 Detail 조회 시작일 2024-03-04
[2024-03-15 17:10:03][INFO][mone.schedule.job.CollectData]{SelectFromDt=20240101, chkTablenm=vw_qw_wqmsm, SelectEndDt=null}
[2024-03-15 17:10:05][DEBUG][mone.db.conn.TiberoSudoReconnectThread](OK)db connected  ::: TberoSudoDB 
[2024-03-15 17:10:06][INFO][mone.db.conn.TiberoReconnectThread](OK)db connected  ::: TiberoDB 
[2024-03-15 17:11:00][DEBUG][mone.db.dao.PrcsDAO] ::::::::::::: 수돗물안심확인제결과조회 chk api Start ::::::::::::: 
[2024-03-15 17:11:00][DEBUG][mone.db.dao.PrcsDAO] 수돗물안심확인제결과조회 fromDt : 20240315 | toDt : 20240315 
[2024-03-15 17:11:01][INFO][mone.db.dao.PrcsDAO]안심확인제 : 30 건 처리완료
[2024-03-15 17:11:01][DEBUG][mone.db.dao.PrcsDAO] ::::::::::::: 옥내배관진단세척결과조회 chk api Start ::::::::::::: 
[2024-03-15 17:11:01][DEBUG][mone.db.dao.PrcsDAO] 옥내배관진단세척결과조회 fromDt : 20231220 | toDt : 20240315 
[2024-03-15 17:11:02][INFO][mone.db.dao.PrcsDAO]안심확인제 : 8 건 처리완료
[2024-03-15 17:11:05][DEBUG][mone.db.conn.TiberoSudoReconnectThread](OK)db connected  ::: TberoSudoDB 
[2024-03-15 17:11:06][INFO][mone.db.conn.TiberoReconnectThread](OK)db connected  ::: TiberoDB 
[2024-03-15 17:12:00][DEBUG][mone.db.dao.PrcsDAO] ::::::::::::: 수돗물안심확인제결과조회 chk api Start ::::::::::::: 
[2024-03-15 17:12:00][DEBUG][mone.db.dao.PrcsDAO] 수돗물안심확인제결과조회 fromDt : 20240315 | toDt : 20240315 
[2024-03-15 17:12:02][INFO][mone.db.dao.PrcsDAO]안심확인제 : 30 건 처리완료
[2024-03-15 17:12:02][DEBUG][mone.db.dao.PrcsDAO] ::::::::::::: 옥내배관진단세척결과조회 chk api Start ::::::::::::: 
[2024-03-15 17:12:02][DEBUG][mone.db.dao.PrcsDAO] 옥내배관진단세척결과조회 fromDt : 20231220 | toDt : 20240315 
[2024-03-15 17:12:02][INFO][mone.db.dao.PrcsDAO]안심확인제 : 8 건 처리완료
[2024-03-15 17:12:05][DEBUG][mone.db.conn.TiberoSudoReconnectThread](OK)db connected  ::: TberoSudoDB 
[2024-03-15 17:12:06][INFO][mone.db.conn.TiberoReconnectThread](OK)db connected  ::: TiberoDB 
[2024-03-15 17:13:00][DEBUG][mone.db.dao.PrcsDAO] ::::::::::::: 수돗물안심확인제결과조회 chk api Start ::::::::::::: 
[2024-03-15 17:13:00][DEBUG][mone.db.dao.PrcsDAO] 수돗물안심확인제결과조회 fromDt : 20240315 | toDt : 20240315 
[2024-03-15 17:13:03][INFO][mone.db.dao.PrcsDAO]안심확인제 : 30 건 처리완료
[2024-03-15 17:13:03][DEBUG][mone.db.dao.PrcsDAO] ::::::::::::: 옥내배관진단세척결과조회 chk api Start ::::::::::::: 
[2024-03-15 17:13:03][DEBUG][mone.db.dao.PrcsDAO] 옥내배관진단세척결과조회 fromDt : 20231220 | toDt : 20240315 
[2024-03-15 17:13:03][INFO][mone.db.dao.PrcsDAO]안심확인제 : 8 건 처리완료
[2024-03-15 17:13:05][DEBUG][mone.db.conn.TiberoSudoReconnectThread](OK)db connected  ::: TberoSudoDB 
[2024-03-15 17:13:06][INFO][mone.db.conn.TiberoReconnectThread](OK)db connected  ::: TiberoDB 
[2024-03-15 17:14:00][DEBUG][mone.db.dao.PrcsDAO] ::::::::::::: 수돗물안심확인제결과조회 chk api Start ::::::::::::: 
[2024-03-15 17:14:00][DEBUG][mone.db.dao.PrcsDAO] 수돗물안심확인제결과조회 fromDt : 20240315 | toDt : 20240315 
[2024-03-15 17:14:01][INFO][mone.db.dao.PrcsDAO]안심확인제 : 30 건 처리완료
[2024-03-15 17:14:01][DEBUG][mone.db.dao.PrcsDAO] ::::::::::::: 옥내배관진단세척결과조회 chk api Start ::::::::::::: 
[2024-03-15 17:14:01][DEBUG][mone.db.dao.PrcsDAO] 옥내배관진단세척결과조회 fromDt : 20231220 | toDt : 20240315 
[2024-03-15 17:14:02][INFO][mone.db.dao.PrcsDAO]안심확인제 : 8 건 처리완료
[2024-03-15 17:14:05][DEBUG][mone.db.conn.TiberoSudoReconnectThread](OK)db connected  ::: TberoSudoDB 
[2024-03-15 17:14:06][INFO][mone.db.conn.TiberoReconnectThread](OK)db connected  ::: TiberoDB 
[2024-03-15 17:15:00][DEBUG][mone.db.dao.PrcsDAO] ::::::::::::: 수돗물안심확인제결과조회 chk api Start ::::::::::::: 
[2024-03-15 17:15:00][DEBUG][mone.db.dao.PrcsDAO] 수돗물안심확인제결과조회 fromDt : 20240315 | toDt : 20240315 
[2024-03-15 17:15:01][INFO][mone.db.dao.PrcsDAO]안심확인제 : 30 건 처리완료
[2024-03-15 17:15:01][DEBUG][mone.db.dao.PrcsDAO] ::::::::::::: 옥내배관진단세척결과조회 chk api Start ::::::::::::: 
[2024-03-15 17:15:01][DEBUG][mone.db.dao.PrcsDAO] 옥내배관진단세척결과조회 fromDt : 20231220 | toDt : 20240315 
[2024-03-15 17:15:02][INFO][mone.db.dao.PrcsDAO]안심확인제 : 8 건 처리완료
[2024-03-15 17:15:05][DEBUG][mone.db.conn.TiberoSudoReconnectThread](OK)db connected  ::: TberoSudoDB 
[2024-03-15 17:15:06][INFO][mone.db.conn.TiberoReconnectThread](OK)db connected  ::: TiberoDB 
[2024-03-15 17:16:41][INFO][main.Main]success load log file
[2024-03-15 17:16:41][INFO][mone.common.conf.ConfigManager]load config complete!!
[2024-03-15 17:16:41][INFO][main.Main]process run!
[2024-03-15 17:16:41][INFO][main.Main]pid@hostname:36244@waternetdb1
[2024-03-15 17:16:41][DEBUG][log4jdbc.debug]log4jdbc-logj2 properties initialization...
[2024-03-15 17:16:41][DEBUG][log4jdbc.debug]Using logger: null
[2024-03-15 17:16:41][DEBUG][log4jdbc.debug]x log4jdbc.debug.stack.prefix is not defined
[2024-03-15 17:16:41][DEBUG][log4jdbc.debug]x log4jdbc.sqltiming.warn.threshold is not defined
[2024-03-15 17:16:41][DEBUG][log4jdbc.debug]x log4jdbc.sqltiming.error.threshold is not defined
[2024-03-15 17:16:41][DEBUG][log4jdbc.debug]x log4jdbc.dump.booleanastruefalse is not defined (using default value false)
[2024-03-15 17:16:41][DEBUG][log4jdbc.debug]x log4jdbc.dump.sql.maxlinelength is not defined (using default of 90)
[2024-03-15 17:16:41][DEBUG][log4jdbc.debug]x log4jdbc.dump.fulldebugstacktrace is not defined (using default value false)
[2024-03-15 17:16:41][DEBUG][log4jdbc.debug]x log4jdbc.statement.warn is not defined (using default value false)
[2024-03-15 17:16:41][DEBUG][log4jdbc.debug]x log4jdbc.dump.sql.select is not defined (using default value true)
[2024-03-15 17:16:41][DEBUG][log4jdbc.debug]x log4jdbc.dump.sql.insert is not defined (using default value true)
[2024-03-15 17:16:41][DEBUG][log4jdbc.debug]x log4jdbc.dump.sql.update is not defined (using default value true)
[2024-03-15 17:16:41][DEBUG][log4jdbc.debug]x log4jdbc.dump.sql.delete is not defined (using default value true)
[2024-03-15 17:16:41][DEBUG][log4jdbc.debug]x log4jdbc.dump.sql.create is not defined (using default value true)
[2024-03-15 17:16:41][DEBUG][log4jdbc.debug]x log4jdbc.dump.sql.addsemicolon is not defined (using default value false)
[2024-03-15 17:16:41][DEBUG][log4jdbc.debug]x log4jdbc.auto.load.popular.drivers is not defined (using default value true)
[2024-03-15 17:16:41][DEBUG][log4jdbc.debug]x log4jdbc.drivers is not defined
[2024-03-15 17:16:41][DEBUG][log4jdbc.debug]x log4jdbc.trim.sql is not defined (using default value true)
[2024-03-15 17:16:41][DEBUG][log4jdbc.debug]x log4jdbc.trim.sql.extrablanklines is not defined (using default value true)
[2024-03-15 17:16:41][DEBUG][log4jdbc.debug]x log4jdbc.suppress.generated.keys.exception is not defined (using default value false)
[2024-03-15 17:16:41][DEBUG][log4jdbc.debug]log4jdbc-logj2 properties initialization done.
[2024-03-15 17:16:41][DEBUG][log4jdbc.debug]DriverSpy intialization...
[2024-03-15 17:16:41][DEBUG][log4jdbc.debug]WARNING!  log4jdbc couldn't find any underlying jdbc drivers.
[2024-03-15 17:16:41][DEBUG][log4jdbc.debug]DriverSpy intialization done.
[2024-03-15 17:16:41][INFO][mone.db.conn.DbManager]success initialize (TiberoSudoDB) : config/mybatis-tiberoSudo-config.xml
[2024-03-15 17:16:41][DEBUG][mone.db.conn.TiberoSudoReconnectThread](OK)db connected  ::: TberoSudoDB 
[2024-03-15 17:16:41][INFO][mone.db.conn.DbManager]success initialize (TiberoDB) : config/mybatis-tibero-config.xml
[2024-03-15 17:16:41][INFO][mone.db.conn.TiberoReconnectThread]Exception tiberoDbConnVal 1st
[2024-03-15 17:16:41][INFO][mone.db.conn.TiberoReconnectThread](OK)db connected  ::: TiberoDB 
[2024-03-15 17:16:41][INFO][mone.schedule.scheduler.ScheduleManager][스케쥴링ON/OFF]  DB 수집 on 
[2024-03-15 17:16:41][INFO][mone.schedule.scheduler.ScheduleManager]start schedule!
[2024-03-15 17:16:41][INFO][mone.schedule.scheduler.ScheduleManager][스케쥴링ON/OFF] 안심확인제 API 연계 :on
[2024-03-15 17:16:41][INFO][mone.schedule.scheduler.ScheduleManager] ::::::::::::::::  ansim API Start ::::::: 
[2024-03-15 17:16:41][INFO][mone.schedule.scheduler.ScheduleManager]start schedule!
[2024-03-15 17:17:00][INFO][mone.schedule.job.CollectData]{SelectFromDt=20240101, chkTablenm=vw_qw_emphs_manage_area, SelectEndDt=null}
[2024-03-15 17:17:00][INFO][mone.schedule.job.CollectData]:::::::::::: 중점관리지역 DB 조회 시작일 2024-03-13
[2024-03-15 17:17:00][INFO][mone.schedule.job.CollectData]{SelectFromDt=20240101, chkTablenm=vw_qw_emphs_manage_area, SelectEndDt=null}
[2024-03-15 17:17:00][INFO][mone.schedule.job.CollectData]{SelectFromDt=20240101, chkTablenm=vw_qw_wqmsm, SelectEndDt=null}
[2024-03-15 17:17:00][INFO][mone.schedule.job.CollectData]:::::::::::: 중점관리지역 Detail 조회 시작일 2024-03-14
[2024-03-15 17:17:00][INFO][mone.schedule.job.CollectData]{SelectFromDt=20240101, chkTablenm=vw_qw_wqmsm, SelectEndDt=null}
[2024-03-15 17:17:41][DEBUG][mone.db.conn.TiberoSudoReconnectThread](OK)db connected  ::: TberoSudoDB 
[2024-03-15 17:17:41][INFO][mone.db.conn.TiberoReconnectThread](OK)db connected  ::: TiberoDB 
[2024-03-15 17:18:00][INFO][mone.schedule.job.CollectData]{SelectFromDt=20240101, chkTablenm=vw_qw_emphs_manage_area, SelectEndDt=null}
[2024-03-15 17:18:00][INFO][mone.schedule.job.CollectData]:::::::::::: 중점관리지역 DB 조회 시작일 2024-03-13
[2024-03-15 17:18:00][INFO][mone.schedule.job.CollectData]{SelectFromDt=20240101, chkTablenm=vw_qw_emphs_manage_area, SelectEndDt=null}
[2024-03-15 17:18:00][INFO][mone.schedule.job.CollectData]{SelectFromDt=20240101, chkTablenm=vw_qw_wqmsm, SelectEndDt=null}
[2024-03-15 17:18:00][INFO][mone.schedule.job.CollectData]:::::::::::: 중점관리지역 Detail 조회 시작일 2024-03-15
[2024-03-15 17:18:00][INFO][mone.schedule.job.CollectData]{SelectFromDt=20240101, chkTablenm=vw_qw_wqmsm, SelectEndDt=null}
